  [1m[36mActiveRecord::SchemaMigration Load (2.1ms)[0m  [1m[34mSELECT "schema_migrations".* FROM "schema_migrations"[0m
  [1m[35m (1.8ms)[0m  [1m[34mSELECT "ar_internal_metadata"."value" FROM "ar_internal_metadata" WHERE "ar_internal_metadata"."key" = $1[0m  [["key", :environment]]
  [1m[36mActiveRecord::SchemaMigration Load (0.2ms)[0m  [1m[34mSELECT "schema_migrations".* FROM "schema_migrations"[0m
  [1m[35m (0.2ms)[0m  [1m[34mSELECT "ar_internal_metadata"."value" FROM "ar_internal_metadata" WHERE "ar_internal_metadata"."key" = $1[0m  [["key", :environment]]
  [1m[36mActiveRecord::SchemaMigration Load (0.2ms)[0m  [1m[34mSELECT "schema_migrations".* FROM "schema_migrations"[0m
  [1m[35m (0.2ms)[0m  [1m[34mSELECT "ar_internal_metadata"."value" FROM "ar_internal_metadata" WHERE "ar_internal_metadata"."key" = $1[0m  [["key", :environment]]
  [1m[35m (123.8ms)[0m  [1m[35mDROP DATABASE IF EXISTS "bog-app_development"[0m
  [1m[35m (118.7ms)[0m  [1m[35mDROP DATABASE IF EXISTS "bog-app_test"[0m
Started GET "/" for ::1 at 2016-10-02 14:05:12 -0700
Processing by Rails::WelcomeController#index as HTML
  Parameters: {"internal"=>true}
  Rendering /Users/Creative-Flight/.rvm/gems/ruby-2.3.0/gems/railties-5.0.0.1/lib/rails/templates/rails/welcome/index.html.erb
  Rendered /Users/Creative-Flight/.rvm/gems/ruby-2.3.0/gems/railties-5.0.0.1/lib/rails/templates/rails/welcome/index.html.erb (4.7ms)
Completed 200 OK in 23ms (Views: 10.9ms | ActiveRecord: 0.0ms)


  [1m[35m (119.6ms)[0m  [1m[35mDROP DATABASE IF EXISTS "bog-app_development"[0m
  [1m[35m (122.2ms)[0m  [1m[35mDROP DATABASE IF EXISTS "bog-app_test"[0m
  [1m[35m (7.6ms)[0m  [1m[35mCREATE TABLE "schema_migrations" ("version" character varying PRIMARY KEY)[0m
  [1m[35m (2.8ms)[0m  [1m[35mCREATE TABLE "ar_internal_metadata" ("key" character varying PRIMARY KEY, "value" character varying, "created_at" timestamp NOT NULL, "updated_at" timestamp NOT NULL)[0m
  [1m[35m (0.4ms)[0m  [1m[34mSELECT pg_try_advisory_lock(7420800501411832290);[0m
  [1m[36mActiveRecord::SchemaMigration Load (0.4ms)[0m  [1m[34mSELECT "schema_migrations".* FROM "schema_migrations"[0m
Migrating to CreateCreatures (20161002213001)
  [1m[35m (0.2ms)[0m  [1m[35mBEGIN[0m
  [1m[35m (4.7ms)[0m  [1m[35mCREATE TABLE "creatures" ("id" serial primary key, "name" character varying, "description" character varying, "created_at" timestamp NOT NULL, "updated_at" timestamp NOT NULL)[0m
  [1m[35mSQL (0.6ms)[0m  [1m[32mINSERT INTO "schema_migrations" ("version") VALUES ($1) RETURNING "version"[0m  [["version", "20161002213001"]]
  [1m[35m (0.4ms)[0m  [1m[35mCOMMIT[0m
  [1m[36mActiveRecord::InternalMetadata Load (0.4ms)[0m  [1m[34mSELECT  "ar_internal_metadata".* FROM "ar_internal_metadata" WHERE "ar_internal_metadata"."key" = $1 LIMIT $2[0m  [["key", :environment], ["LIMIT", 1]]
  [1m[35m (0.1ms)[0m  [1m[35mBEGIN[0m
  [1m[35mSQL (1.1ms)[0m  [1m[32mINSERT INTO "ar_internal_metadata" ("key", "value", "created_at", "updated_at") VALUES ($1, $2, $3, $4) RETURNING "key"[0m  [["key", "environment"], ["value", "development"], ["created_at", 2016-10-02 21:30:08 UTC], ["updated_at", 2016-10-02 21:30:08 UTC]]
  [1m[35m (0.3ms)[0m  [1m[35mCOMMIT[0m
  [1m[35m (0.2ms)[0m  [1m[34mSELECT pg_advisory_unlock(7420800501411832290)[0m
  [1m[36mActiveRecord::SchemaMigration Load (0.2ms)[0m  [1m[34mSELECT "schema_migrations".* FROM "schema_migrations"[0m
  [1m[35m (3.3ms)[0m  [1m[34mSELECT t2.oid::regclass::text AS to_table, a1.attname AS column, a2.attname AS primary_key, c.conname AS name, c.confupdtype AS on_update, c.confdeltype AS on_delete
FROM pg_constraint c
JOIN pg_class t1 ON c.conrelid = t1.oid
JOIN pg_class t2 ON c.confrelid = t2.oid
JOIN pg_attribute a1 ON a1.attnum = c.conkey[1] AND a1.attrelid = t1.oid
JOIN pg_attribute a2 ON a2.attnum = c.confkey[1] AND a2.attrelid = t2.oid
JOIN pg_namespace t3 ON c.connamespace = t3.oid
WHERE c.contype = 'f'
  AND t1.relname = 'creatures'
  AND t3.nspname = ANY (current_schemas(false))
ORDER BY c.conname
[0m
  [1m[36mActiveRecord::SchemaMigration Load (0.5ms)[0m  [1m[34mSELECT "schema_migrations".* FROM "schema_migrations"[0m
  [1m[35m (0.1ms)[0m  [1m[35mBEGIN[0m
  [1m[35mSQL (1.7ms)[0m  [1m[32mINSERT INTO "creatures" ("name", "description", "created_at", "updated_at") VALUES ($1, $2, $3, $4) RETURNING "id"[0m  [["name", "Yoda"], ["description", "Little green man"], ["created_at", 2016-10-02 21:30:59 UTC], ["updated_at", 2016-10-02 21:30:59 UTC]]
  [1m[35m (1.3ms)[0m  [1m[35mCOMMIT[0m
  [1m[35m (0.1ms)[0m  [1m[35mBEGIN[0m
  [1m[35mSQL (0.3ms)[0m  [1m[32mINSERT INTO "creatures" ("name", "description", "created_at", "updated_at") VALUES ($1, $2, $3, $4) RETURNING "id"[0m  [["name", "Luke"], ["description", "Jedi"], ["created_at", 2016-10-02 21:30:59 UTC], ["updated_at", 2016-10-02 21:30:59 UTC]]
  [1m[35m (0.3ms)[0m  [1m[35mCOMMIT[0m
  [1m[35m (0.1ms)[0m  [1m[35mBEGIN[0m
  [1m[35mSQL (0.3ms)[0m  [1m[32mINSERT INTO "creatures" ("name", "description", "created_at", "updated_at") VALUES ($1, $2, $3, $4) RETURNING "id"[0m  [["name", "Darth Vader"], ["description", "Father of Luke"], ["created_at", 2016-10-02 21:30:59 UTC], ["updated_at", 2016-10-02 21:30:59 UTC]]
  [1m[35m (0.3ms)[0m  [1m[35mCOMMIT[0m
Started GET "/creatures" for ::1 at 2016-10-02 14:33:57 -0700
  [1m[36mActiveRecord::SchemaMigration Load (1.1ms)[0m  [1m[34mSELECT "schema_migrations".* FROM "schema_migrations"[0m
Processing by CreaturesController#index as HTML
  Rendering creatures/index.html.erb within layouts/application
  Rendered creatures/index.html.erb within layouts/application (1.6ms)
Completed 500 Internal Server Error in 26ms (ActiveRecord: 0.0ms)


  
SyntaxError (/Users/Creative-Flight/wdi/rails-bog-app/bog-app/app/views/creatures/index.html.erb:7: syntax error, unexpected keyword_ensure, expecting keyword_end
/Users/Creative-Flight/wdi/rails-bog-app/bog-app/app/views/creatures/index.html.erb:9: syntax error, unexpected end-of-input, expecting keyword_end):
  
app/views/creatures/index.html.erb:7: syntax error, unexpected keyword_ensure, expecting keyword_end
app/views/creatures/index.html.erb:9: syntax error, unexpected end-of-input, expecting keyword_end
  Rendering /Users/Creative-Flight/.rvm/gems/ruby-2.3.0/gems/actionpack-5.0.0.1/lib/action_dispatch/middleware/templates/rescues/diagnostics.html.erb within rescues/layout
  Rendering /Users/Creative-Flight/.rvm/gems/ruby-2.3.0/gems/actionpack-5.0.0.1/lib/action_dispatch/middleware/templates/rescues/_source.html.erb
  Rendered /Users/Creative-Flight/.rvm/gems/ruby-2.3.0/gems/actionpack-5.0.0.1/lib/action_dispatch/middleware/templates/rescues/_source.html.erb (4.0ms)
  Rendering /Users/Creative-Flight/.rvm/gems/ruby-2.3.0/gems/actionpack-5.0.0.1/lib/action_dispatch/middleware/templates/rescues/_trace.html.erb
  Rendered /Users/Creative-Flight/.rvm/gems/ruby-2.3.0/gems/actionpack-5.0.0.1/lib/action_dispatch/middleware/templates/rescues/_trace.html.erb (1.9ms)
  Rendering /Users/Creative-Flight/.rvm/gems/ruby-2.3.0/gems/actionpack-5.0.0.1/lib/action_dispatch/middleware/templates/rescues/_request_and_response.html.erb
  Rendered /Users/Creative-Flight/.rvm/gems/ruby-2.3.0/gems/actionpack-5.0.0.1/lib/action_dispatch/middleware/templates/rescues/_request_and_response.html.erb (0.6ms)
  Rendered /Users/Creative-Flight/.rvm/gems/ruby-2.3.0/gems/actionpack-5.0.0.1/lib/action_dispatch/middleware/templates/rescues/diagnostics.html.erb within rescues/layout (67.1ms)
Started GET "/creatures" for ::1 at 2016-10-02 14:34:15 -0700
Processing by CreaturesController#index as HTML
  Rendering creatures/index.html.erb within layouts/application
  [1m[36mCreature Load (0.5ms)[0m  [1m[34mSELECT "creatures".* FROM "creatures"[0m
  Rendered creatures/index.html.erb within layouts/application (13.4ms)
Completed 500 Internal Server Error in 18ms (ActiveRecord: 6.4ms)


  
ActionView::Template::Error (undefined method `name' for nil:NilClass):
    1: <% @creatures.each do |creature| %>
    2: <p>
    3:   <strong>Name:</strong><%= @creature.name %><br>
    4:   <strong>Description:</strong><%= @creature.description %>
    5: </p>
    6: <% end %>
  
app/views/creatures/index.html.erb:3:in `block in _app_views_creatures_index_html_erb___1249650442959869175_70365001180980'
app/views/creatures/index.html.erb:1:in `_app_views_creatures_index_html_erb___1249650442959869175_70365001180980'
  Rendering /Users/Creative-Flight/.rvm/gems/ruby-2.3.0/gems/actionpack-5.0.0.1/lib/action_dispatch/middleware/templates/rescues/template_error.html.erb within rescues/layout
  Rendering /Users/Creative-Flight/.rvm/gems/ruby-2.3.0/gems/actionpack-5.0.0.1/lib/action_dispatch/middleware/templates/rescues/_source.html.erb
  Rendered /Users/Creative-Flight/.rvm/gems/ruby-2.3.0/gems/actionpack-5.0.0.1/lib/action_dispatch/middleware/templates/rescues/_source.html.erb (3.3ms)
  Rendering /Users/Creative-Flight/.rvm/gems/ruby-2.3.0/gems/actionpack-5.0.0.1/lib/action_dispatch/middleware/templates/rescues/_trace.html.erb
  Rendered /Users/Creative-Flight/.rvm/gems/ruby-2.3.0/gems/actionpack-5.0.0.1/lib/action_dispatch/middleware/templates/rescues/_trace.html.erb (1.6ms)
  Rendering /Users/Creative-Flight/.rvm/gems/ruby-2.3.0/gems/actionpack-5.0.0.1/lib/action_dispatch/middleware/templates/rescues/_request_and_response.html.erb
  Rendered /Users/Creative-Flight/.rvm/gems/ruby-2.3.0/gems/actionpack-5.0.0.1/lib/action_dispatch/middleware/templates/rescues/_request_and_response.html.erb (0.6ms)
  Rendered /Users/Creative-Flight/.rvm/gems/ruby-2.3.0/gems/actionpack-5.0.0.1/lib/action_dispatch/middleware/templates/rescues/template_error.html.erb within rescues/layout (54.0ms)
Started GET "/creatures" for ::1 at 2016-10-02 14:34:47 -0700
Processing by CreaturesController#index as HTML
  Rendering creatures/index.html.erb within layouts/application
  [1m[36mCreature Load (0.6ms)[0m  [1m[34mSELECT "creatures".* FROM "creatures"[0m
  Rendered creatures/index.html.erb within layouts/application (2.2ms)
Completed 200 OK in 718ms (Views: 716.2ms | ActiveRecord: 0.6ms)


Started GET "/creatures/new" for ::1 at 2016-10-02 14:38:04 -0700
Processing by CreaturesController#new as HTML
  Rendering creatures/new.html.erb within layouts/application
  Rendered creatures/new.html.erb within layouts/application (68.1ms)
Completed 500 Internal Server Error in 75ms (ActiveRecord: 0.0ms)


  
ActionView::Template::Error (undefined method `form_fo' for #<#<Class:0x007ffe425019d0>:0x007ffe41f56f58>
Did you mean?  form_for):
    1: <%= form_fo :creature, url: "/creatures", method: "post" do |f| %>
    2:   <%= f.text_field :name %>
    3:   <%= f.text_area :description %>
    4:   <%= f.submit "Save Creature" %>
  
app/views/creatures/new.html.erb:1:in `_app_views_creatures_new_html_erb___2965027043390648418_70365005486020'
  Rendering /Users/Creative-Flight/.rvm/gems/ruby-2.3.0/gems/actionpack-5.0.0.1/lib/action_dispatch/middleware/templates/rescues/template_error.html.erb within rescues/layout
  Rendering /Users/Creative-Flight/.rvm/gems/ruby-2.3.0/gems/actionpack-5.0.0.1/lib/action_dispatch/middleware/templates/rescues/_source.html.erb
  Rendered /Users/Creative-Flight/.rvm/gems/ruby-2.3.0/gems/actionpack-5.0.0.1/lib/action_dispatch/middleware/templates/rescues/_source.html.erb (3.1ms)
  Rendering /Users/Creative-Flight/.rvm/gems/ruby-2.3.0/gems/actionpack-5.0.0.1/lib/action_dispatch/middleware/templates/rescues/_trace.html.erb
  Rendered /Users/Creative-Flight/.rvm/gems/ruby-2.3.0/gems/actionpack-5.0.0.1/lib/action_dispatch/middleware/templates/rescues/_trace.html.erb (1.6ms)
  Rendering /Users/Creative-Flight/.rvm/gems/ruby-2.3.0/gems/actionpack-5.0.0.1/lib/action_dispatch/middleware/templates/rescues/_request_and_response.html.erb
  Rendered /Users/Creative-Flight/.rvm/gems/ruby-2.3.0/gems/actionpack-5.0.0.1/lib/action_dispatch/middleware/templates/rescues/_request_and_response.html.erb (0.7ms)
  Rendered /Users/Creative-Flight/.rvm/gems/ruby-2.3.0/gems/actionpack-5.0.0.1/lib/action_dispatch/middleware/templates/rescues/template_error.html.erb within rescues/layout (51.2ms)
Started GET "/creatures/new" for ::1 at 2016-10-02 14:38:11 -0700
Processing by CreaturesController#new as HTML
  Rendering creatures/new.html.erb within layouts/application
  Rendered creatures/new.html.erb within layouts/application (7.7ms)
Completed 200 OK in 28ms (Views: 25.8ms | ActiveRecord: 0.0ms)


Started POST "/creatures" for ::1 at 2016-10-02 14:38:14 -0700
  
ActionController::RoutingError (No route matches [POST] "/creatures"):
  
actionpack (5.0.0.1) lib/action_dispatch/middleware/debug_exceptions.rb:53:in `call'
web-console (3.3.1) lib/web_console/middleware.rb:131:in `call_app'
web-console (3.3.1) lib/web_console/middleware.rb:28:in `block in call'
web-console (3.3.1) lib/web_console/middleware.rb:18:in `catch'
web-console (3.3.1) lib/web_console/middleware.rb:18:in `call'
actionpack (5.0.0.1) lib/action_dispatch/middleware/show_exceptions.rb:31:in `call'
railties (5.0.0.1) lib/rails/rack/logger.rb:36:in `call_app'
railties (5.0.0.1) lib/rails/rack/logger.rb:24:in `block in call'
activesupport (5.0.0.1) lib/active_support/tagged_logging.rb:70:in `block in tagged'
activesupport (5.0.0.1) lib/active_support/tagged_logging.rb:26:in `tagged'
activesupport (5.0.0.1) lib/active_support/tagged_logging.rb:70:in `tagged'
railties (5.0.0.1) lib/rails/rack/logger.rb:24:in `call'
sprockets-rails (3.2.0) lib/sprockets/rails/quiet_assets.rb:13:in `call'
actionpack (5.0.0.1) lib/action_dispatch/middleware/request_id.rb:24:in `call'
rack (2.0.1) lib/rack/method_override.rb:22:in `call'
rack (2.0.1) lib/rack/runtime.rb:22:in `call'
activesupport (5.0.0.1) lib/active_support/cache/strategy/local_cache_middleware.rb:28:in `call'
actionpack (5.0.0.1) lib/action_dispatch/middleware/executor.rb:12:in `call'
actionpack (5.0.0.1) lib/action_dispatch/middleware/static.rb:136:in `call'
rack (2.0.1) lib/rack/sendfile.rb:111:in `call'
railties (5.0.0.1) lib/rails/engine.rb:522:in `call'
puma (3.6.0) lib/puma/configuration.rb:225:in `call'
puma (3.6.0) lib/puma/server.rb:578:in `handle_request'
puma (3.6.0) lib/puma/server.rb:415:in `process_client'
puma (3.6.0) lib/puma/server.rb:275:in `block in run'
puma (3.6.0) lib/puma/thread_pool.rb:116:in `block in spawn_thread'
  Rendering /Users/Creative-Flight/.rvm/gems/ruby-2.3.0/gems/actionpack-5.0.0.1/lib/action_dispatch/middleware/templates/rescues/routing_error.html.erb within rescues/layout
  Rendering /Users/Creative-Flight/.rvm/gems/ruby-2.3.0/gems/actionpack-5.0.0.1/lib/action_dispatch/middleware/templates/rescues/_trace.html.erb
  Rendered /Users/Creative-Flight/.rvm/gems/ruby-2.3.0/gems/actionpack-5.0.0.1/lib/action_dispatch/middleware/templates/rescues/_trace.html.erb (1.1ms)
  Rendered collection of /Users/Creative-Flight/.rvm/gems/ruby-2.3.0/gems/actionpack-5.0.0.1/lib/action_dispatch/middleware/templates/routes/_route.html.erb [3 times] (5.8ms)
  Rendered /Users/Creative-Flight/.rvm/gems/ruby-2.3.0/gems/actionpack-5.0.0.1/lib/action_dispatch/middleware/templates/routes/_table.html.erb (2.3ms)
  Rendering /Users/Creative-Flight/.rvm/gems/ruby-2.3.0/gems/actionpack-5.0.0.1/lib/action_dispatch/middleware/templates/rescues/_request_and_response.html.erb
  Rendered /Users/Creative-Flight/.rvm/gems/ruby-2.3.0/gems/actionpack-5.0.0.1/lib/action_dispatch/middleware/templates/rescues/_request_and_response.html.erb (1.7ms)
  Rendered /Users/Creative-Flight/.rvm/gems/ruby-2.3.0/gems/actionpack-5.0.0.1/lib/action_dispatch/middleware/templates/rescues/routing_error.html.erb within rescues/layout (82.1ms)
Started GET "/creatures/new" for ::1 at 2016-10-02 14:41:54 -0700
Processing by CreaturesController#new as HTML
  Rendering creatures/new.html.erb within layouts/application
  Rendered creatures/new.html.erb within layouts/application (2.1ms)
Completed 200 OK in 34ms (Views: 26.6ms | ActiveRecord: 0.0ms)


Started GET "/creatures/new" for ::1 at 2016-10-02 14:41:54 -0700
Processing by CreaturesController#new as HTML
  Rendering creatures/new.html.erb within layouts/application
  Rendered creatures/new.html.erb within layouts/application (8.2ms)
Completed 200 OK in 31ms (Views: 28.4ms | ActiveRecord: 0.0ms)


Started GET "/creatures/new" for ::1 at 2016-10-02 14:44:28 -0700
Processing by CreaturesController#new as HTML
  Rendering creatures/new.html.erb within layouts/application
  Rendered creatures/new.html.erb within layouts/application (1.4ms)
Completed 200 OK in 26ms (Views: 18.8ms | ActiveRecord: 0.0ms)


Started POST "/creatures" for ::1 at 2016-10-02 14:44:36 -0700
Processing by CreaturesController#create as HTML
  Parameters: {"utf8"=>"✓", "authenticity_token"=>"wnNitg1G6OfFKeYG29enCiDaqtfOJDD1RllQ08N6RsYdnpy+xGlOILNQVTDKj2gUAgPtvKC06av09GA/0aQn8w==", "creature"=>{"name"=>"New Monster", "description"=>"Rawwwrrrr"}, "commit"=>"Save Creature"}
  [1m[35m (0.3ms)[0m  [1m[35mBEGIN[0m
  [1m[35mSQL (0.6ms)[0m  [1m[32mINSERT INTO "creatures" ("name", "description", "created_at", "updated_at") VALUES ($1, $2, $3, $4) RETURNING "id"[0m  [["name", "New Monster"], ["description", "Rawwwrrrr"], ["created_at", 2016-10-02 21:44:36 UTC], ["updated_at", 2016-10-02 21:44:36 UTC]]
  [1m[35m (0.4ms)[0m  [1m[35mCOMMIT[0m
Redirected to http://localhost:3000/creatures/4
Completed 302 Found in 8ms (ActiveRecord: 1.2ms)


Started GET "/creatures/4" for ::1 at 2016-10-02 14:44:36 -0700
Processing by CreaturesController#show as HTML
  Parameters: {"id"=>"4"}
  [1m[36mCreature Load (0.4ms)[0m  [1m[34mSELECT  "creatures".* FROM "creatures" WHERE "creatures"."id" = $1 LIMIT $2[0m  [["id", 4], ["LIMIT", 1]]
  Rendering creatures/show.html.erb within layouts/application
  Rendered creatures/show.html.erb within layouts/application (0.5ms)
Completed 200 OK in 28ms (Views: 22.0ms | ActiveRecord: 0.6ms)


Started GET "/creatures" for ::1 at 2016-10-02 14:44:38 -0700
Processing by CreaturesController#index as HTML
  Rendering creatures/index.html.erb within layouts/application
  [1m[36mCreature Load (0.6ms)[0m  [1m[34mSELECT "creatures".* FROM "creatures"[0m
  Rendered creatures/index.html.erb within layouts/application (2.0ms)
Completed 200 OK in 21ms (Views: 19.0ms | ActiveRecord: 0.6ms)


Started GET "/creatures/new" for ::1 at 2016-10-02 14:45:21 -0700
Processing by CreaturesController#new as HTML
  Rendering creatures/new.html.erb within layouts/application
  Rendered creatures/new.html.erb within layouts/application (2.1ms)
Started GET "/creatures/new" for ::1 at 2016-10-02 14:45:21 -0700
Completed 200 OK in 42ms (Views: 33.3ms | ActiveRecord: 0.0ms)


Processing by CreaturesController#new as HTML
  Rendering creatures/new.html.erb within layouts/application
  Rendered creatures/new.html.erb within layouts/application (1.2ms)
Completed 200 OK in 30ms (Views: 23.9ms | ActiveRecord: 0.0ms)


Started POST "/creatures" for ::1 at 2016-10-02 14:45:29 -0700
Processing by CreaturesController#create as HTML
  Parameters: {"utf8"=>"✓", "authenticity_token"=>"kQw76HFh5utH9Lfypw0lWkgsBXd8lXnb+GTToHRtwhpO4cXguE5ALDGNBMS2VepEavVCHBIFoIVKyeNMZrOjLw==", "creature"=>{"name"=>"ANOTHER NEW MONSTER", "description"=>"OH MY GOSH RAWR"}, "commit"=>"Save Creature"}
  [1m[35m (0.4ms)[0m  [1m[35mBEGIN[0m
  [1m[35mSQL (0.6ms)[0m  [1m[32mINSERT INTO "creatures" ("name", "description", "created_at", "updated_at") VALUES ($1, $2, $3, $4) RETURNING "id"[0m  [["name", "ANOTHER NEW MONSTER"], ["description", "OH MY GOSH RAWR"], ["created_at", 2016-10-02 21:45:29 UTC], ["updated_at", 2016-10-02 21:45:29 UTC]]
  [1m[35m (1.3ms)[0m  [1m[35mCOMMIT[0m
Redirected to http://localhost:3000/creatures/5
Completed 302 Found in 9ms (ActiveRecord: 2.2ms)


Started GET "/creatures/5" for ::1 at 2016-10-02 14:45:29 -0700
Processing by CreaturesController#show as HTML
  Parameters: {"id"=>"5"}
  [1m[36mCreature Load (0.9ms)[0m  [1m[34mSELECT  "creatures".* FROM "creatures" WHERE "creatures"."id" = $1 LIMIT $2[0m  [["id", 5], ["LIMIT", 1]]
  Rendering creatures/show.html.erb within layouts/application
  Rendered creatures/show.html.erb within layouts/application (0.4ms)
Completed 200 OK in 24ms (Views: 18.5ms | ActiveRecord: 0.9ms)


Started GET "/creatures" for ::1 at 2016-10-02 14:45:31 -0700
Processing by CreaturesController#index as HTML
  Rendering creatures/index.html.erb within layouts/application
  [1m[36mCreature Load (0.8ms)[0m  [1m[34mSELECT "creatures".* FROM "creatures"[0m
  Rendered creatures/index.html.erb within layouts/application (2.0ms)
Completed 200 OK in 21ms (Views: 17.8ms | ActiveRecord: 0.8ms)


Started GET "/creatures" for ::1 at 2016-10-02 14:51:41 -0700
Processing by CreaturesController#index as HTML
  Rendering creatures/index.html.erb within layouts/application
  [1m[36mCreature Load (0.3ms)[0m  [1m[34mSELECT "creatures".* FROM "creatures"[0m
  Rendered creatures/index.html.erb within layouts/application (4.1ms)
Completed 200 OK in 25ms (Views: 21.3ms | ActiveRecord: 0.3ms)


Started GET "/creatures/1/edit" for ::1 at 2016-10-02 14:51:46 -0700
Processing by CreaturesController#edit as HTML
  Parameters: {"id"=>"1"}
  [1m[36mCreature Load (0.2ms)[0m  [1m[34mSELECT  "creatures".* FROM "creatures" WHERE "creatures"."id" = $1 LIMIT $2[0m  [["id", 1], ["LIMIT", 1]]
  Rendering creatures/edit.html.erb within layouts/application
  Rendered creatures/edit.html.erb within layouts/application (1.5ms)
Completed 200 OK in 24ms (Views: 20.0ms | ActiveRecord: 0.4ms)


Started PATCH "/creatures/1" for ::1 at 2016-10-02 14:51:53 -0700
Processing by CreaturesController#update as HTML
  Parameters: {"utf8"=>"✓", "authenticity_token"=>"Z0vlHe2kJdiqyw6kjEvX+2+vcoLAkvWUMU0hWWe587m4phsVJIuDH9yyvZKdExjlTXY16a4CLMqD4BG1dWeSjA==", "creature"=>{"name"=>"Yoda", "description"=>"Little green man with a light saber"}, "commit"=>"Save Creature", "id"=>"1"}
  [1m[36mCreature Load (0.3ms)[0m  [1m[34mSELECT  "creatures".* FROM "creatures" WHERE "creatures"."id" = $1 LIMIT $2[0m  [["id", 1], ["LIMIT", 1]]
  [1m[35m (0.1ms)[0m  [1m[35mBEGIN[0m
  [1m[35mSQL (2.3ms)[0m  [1m[33mUPDATE "creatures" SET "description" = $1, "updated_at" = $2 WHERE "creatures"."id" = $3[0m  [["description", "Little green man with a light saber"], ["updated_at", 2016-10-02 21:51:53 UTC], ["id", 1]]
  [1m[35m (0.4ms)[0m  [1m[35mCOMMIT[0m
Redirected to http://localhost:3000/creatures/1
Completed 302 Found in 9ms (ActiveRecord: 3.1ms)


Started GET "/creatures/1" for ::1 at 2016-10-02 14:51:53 -0700
Processing by CreaturesController#show as HTML
  Parameters: {"id"=>"1"}
  [1m[36mCreature Load (0.3ms)[0m  [1m[34mSELECT  "creatures".* FROM "creatures" WHERE "creatures"."id" = $1 LIMIT $2[0m  [["id", 1], ["LIMIT", 1]]
  Rendering creatures/show.html.erb within layouts/application
  Rendered creatures/show.html.erb within layouts/application (0.7ms)
Completed 200 OK in 25ms (Views: 22.2ms | ActiveRecord: 0.4ms)


Started GET "/creatures/1/edit" for ::1 at 2016-10-02 14:51:58 -0700
Processing by CreaturesController#edit as HTML
  Parameters: {"id"=>"1"}
  [1m[36mCreature Load (1.5ms)[0m  [1m[34mSELECT  "creatures".* FROM "creatures" WHERE "creatures"."id" = $1 LIMIT $2[0m  [["id", 1], ["LIMIT", 1]]
  Rendering creatures/edit.html.erb within layouts/application
  Rendered creatures/edit.html.erb within layouts/application (1.6ms)
Completed 200 OK in 40ms (Views: 35.4ms | ActiveRecord: 1.5ms)


Started PATCH "/creatures/1" for ::1 at 2016-10-02 14:52:05 -0700
Processing by CreaturesController#update as HTML
  Parameters: {"utf8"=>"✓", "authenticity_token"=>"/0Hkg4oDjI4PoVTlmEojh/jRpGUC5jQcjlmLOvrZc1YgrBqLQywqSXnY59OJEuyZ2gjjDmx27UI89LvW6AcSYw==", "creature"=>{"name"=>"Yoda", "description"=>"Little green man with a light saber - Is that how you spell it????"}, "commit"=>"Save Creature", "id"=>"1"}
  [1m[36mCreature Load (0.3ms)[0m  [1m[34mSELECT  "creatures".* FROM "creatures" WHERE "creatures"."id" = $1 LIMIT $2[0m  [["id", 1], ["LIMIT", 1]]
  [1m[35m (0.1ms)[0m  [1m[35mBEGIN[0m
  [1m[35mSQL (0.4ms)[0m  [1m[33mUPDATE "creatures" SET "description" = $1, "updated_at" = $2 WHERE "creatures"."id" = $3[0m  [["description", "Little green man with a light saber - Is that how you spell it????"], ["updated_at", 2016-10-02 21:52:05 UTC], ["id", 1]]
  [1m[35m (0.6ms)[0m  [1m[35mCOMMIT[0m
Redirected to http://localhost:3000/creatures/1
Completed 302 Found in 6ms (ActiveRecord: 1.6ms)


Started GET "/creatures/1" for ::1 at 2016-10-02 14:52:05 -0700
Processing by CreaturesController#show as HTML
  Parameters: {"id"=>"1"}
  [1m[36mCreature Load (0.3ms)[0m  [1m[34mSELECT  "creatures".* FROM "creatures" WHERE "creatures"."id" = $1 LIMIT $2[0m  [["id", 1], ["LIMIT", 1]]
  Rendering creatures/show.html.erb within layouts/application
  Rendered creatures/show.html.erb within layouts/application (0.5ms)
Completed 200 OK in 23ms (Views: 21.0ms | ActiveRecord: 0.3ms)


Started GET "/creatures" for ::1 at 2016-10-02 14:52:07 -0700
Processing by CreaturesController#index as HTML
  Rendering creatures/index.html.erb within layouts/application
  [1m[36mCreature Load (0.3ms)[0m  [1m[34mSELECT "creatures".* FROM "creatures"[0m
  Rendered creatures/index.html.erb within layouts/application (1.2ms)
Completed 200 OK in 21ms (Views: 18.0ms | ActiveRecord: 0.3ms)


Started GET "/creatures" for ::1 at 2016-10-02 14:52:09 -0700
Processing by CreaturesController#index as HTML
  Rendering creatures/index.html.erb within layouts/application
  [1m[36mCreature Load (0.3ms)[0m  [1m[34mSELECT "creatures".* FROM "creatures"[0m
  Rendered creatures/index.html.erb within layouts/application (1.3ms)
Completed 200 OK in 21ms (Views: 19.6ms | ActiveRecord: 0.3ms)


Started GET "/creatures" for ::1 at 2016-10-02 14:54:45 -0700
Processing by CreaturesController#index as HTML
  Rendering creatures/index.html.erb within layouts/application
  [1m[36mCreature Load (0.5ms)[0m  [1m[34mSELECT "creatures".* FROM "creatures"[0m
  Rendered creatures/index.html.erb within layouts/application (5.3ms)
Completed 200 OK in 28ms (Views: 22.9ms | ActiveRecord: 0.5ms)


Started GET "/creatures/1" for ::1 at 2016-10-02 14:54:49 -0700
Processing by CreaturesController#show as HTML
  Parameters: {"id"=>"1"}
  [1m[36mCreature Load (0.4ms)[0m  [1m[34mSELECT  "creatures".* FROM "creatures" WHERE "creatures"."id" = $1 LIMIT $2[0m  [["id", 1], ["LIMIT", 1]]
  Rendering creatures/show.html.erb within layouts/application
  Rendered creatures/show.html.erb within layouts/application (1.4ms)
Completed 200 OK in 23ms (Views: 19.7ms | ActiveRecord: 0.4ms)


Started DELETE "/creatures/1" for ::1 at 2016-10-02 14:54:50 -0700
Processing by CreaturesController#destroy as HTML
  Parameters: {"authenticity_token"=>"B6sOv+uCQPka8wf7TliSinJyHV/69XpxUaHp0PsOes/YRvC3Iq3mPmyKtM1fAF2UUKtaNJRloy/jDNk86dAb+g==", "id"=>"1"}
  [1m[36mCreature Load (0.4ms)[0m  [1m[34mSELECT  "creatures".* FROM "creatures" WHERE "creatures"."id" = $1 LIMIT $2[0m  [["id", 1], ["LIMIT", 1]]
  [1m[35m (0.1ms)[0m  [1m[35mBEGIN[0m
  [1m[35mSQL (0.3ms)[0m  [1m[31mDELETE FROM "creatures" WHERE "creatures"."id" = $1[0m  [["id", 1]]
  [1m[35m (1.3ms)[0m  [1m[35mCOMMIT[0m
Redirected to http://localhost:3000/creatures/1
Completed 302 Found in 4ms (ActiveRecord: 2.1ms)


Started GET "/creatures/1" for ::1 at 2016-10-02 14:54:50 -0700
Processing by CreaturesController#show as HTML
  Parameters: {"id"=>"1"}
  [1m[36mCreature Load (0.5ms)[0m  [1m[34mSELECT  "creatures".* FROM "creatures" WHERE "creatures"."id" = $1 LIMIT $2[0m  [["id", 1], ["LIMIT", 1]]
  Rendering creatures/show.html.erb within layouts/application
  Rendered creatures/show.html.erb within layouts/application (3.3ms)
Completed 500 Internal Server Error in 17ms (ActiveRecord: 0.5ms)


  
ActionView::Template::Error (undefined method `name' for nil:NilClass):
    1: <h3><%= @creature.name%></h3>
    2:   <p><%= @creature.description%></p>
    3: <%= button_to "Delete", @creature, method: :delete %>
  
app/views/creatures/show.html.erb:1:in `_app_views_creatures_show_html_erb__1699050993419298604_70365049512440'
  Rendering /Users/Creative-Flight/.rvm/gems/ruby-2.3.0/gems/actionpack-5.0.0.1/lib/action_dispatch/middleware/templates/rescues/template_error.html.erb within rescues/layout
  Rendering /Users/Creative-Flight/.rvm/gems/ruby-2.3.0/gems/actionpack-5.0.0.1/lib/action_dispatch/middleware/templates/rescues/_source.html.erb
  Rendered /Users/Creative-Flight/.rvm/gems/ruby-2.3.0/gems/actionpack-5.0.0.1/lib/action_dispatch/middleware/templates/rescues/_source.html.erb (3.3ms)
  Rendering /Users/Creative-Flight/.rvm/gems/ruby-2.3.0/gems/actionpack-5.0.0.1/lib/action_dispatch/middleware/templates/rescues/_trace.html.erb
  Rendered /Users/Creative-Flight/.rvm/gems/ruby-2.3.0/gems/actionpack-5.0.0.1/lib/action_dispatch/middleware/templates/rescues/_trace.html.erb (2.5ms)
  Rendering /Users/Creative-Flight/.rvm/gems/ruby-2.3.0/gems/actionpack-5.0.0.1/lib/action_dispatch/middleware/templates/rescues/_request_and_response.html.erb
  Rendered /Users/Creative-Flight/.rvm/gems/ruby-2.3.0/gems/actionpack-5.0.0.1/lib/action_dispatch/middleware/templates/rescues/_request_and_response.html.erb (0.7ms)
  Rendered /Users/Creative-Flight/.rvm/gems/ruby-2.3.0/gems/actionpack-5.0.0.1/lib/action_dispatch/middleware/templates/rescues/template_error.html.erb within rescues/layout (53.1ms)
Started GET "/creatures/1" for ::1 at 2016-10-02 14:55:02 -0700
Processing by CreaturesController#show as HTML
  Parameters: {"id"=>"1"}
  [1m[36mCreature Load (0.3ms)[0m  [1m[34mSELECT  "creatures".* FROM "creatures" WHERE "creatures"."id" = $1 LIMIT $2[0m  [["id", 1], ["LIMIT", 1]]
  Rendering creatures/show.html.erb within layouts/application
  Rendered creatures/show.html.erb within layouts/application (108.7ms)
Completed 500 Internal Server Error in 114ms (ActiveRecord: 0.3ms)


  
ActionView::Template::Error (undefined local variable or method `creature' for #<#<Class:0x007ffe44934898>:0x007ffe46281148>
Did you mean?  @creature):
    1: <h3><%= creature.name%></h3>
    2:   <p><%= creature.description%></p>
    3: <%= button_to "Delete", @creature, method: :delete %>
  
app/views/creatures/show.html.erb:1:in `_app_views_creatures_show_html_erb__1699050993419298604_70365025111980'
  Rendering /Users/Creative-Flight/.rvm/gems/ruby-2.3.0/gems/actionpack-5.0.0.1/lib/action_dispatch/middleware/templates/rescues/template_error.html.erb within rescues/layout
  Rendering /Users/Creative-Flight/.rvm/gems/ruby-2.3.0/gems/actionpack-5.0.0.1/lib/action_dispatch/middleware/templates/rescues/_source.html.erb
  Rendered /Users/Creative-Flight/.rvm/gems/ruby-2.3.0/gems/actionpack-5.0.0.1/lib/action_dispatch/middleware/templates/rescues/_source.html.erb (6.5ms)
  Rendering /Users/Creative-Flight/.rvm/gems/ruby-2.3.0/gems/actionpack-5.0.0.1/lib/action_dispatch/middleware/templates/rescues/_trace.html.erb
  Rendered /Users/Creative-Flight/.rvm/gems/ruby-2.3.0/gems/actionpack-5.0.0.1/lib/action_dispatch/middleware/templates/rescues/_trace.html.erb (1.9ms)
  Rendering /Users/Creative-Flight/.rvm/gems/ruby-2.3.0/gems/actionpack-5.0.0.1/lib/action_dispatch/middleware/templates/rescues/_request_and_response.html.erb
  Rendered /Users/Creative-Flight/.rvm/gems/ruby-2.3.0/gems/actionpack-5.0.0.1/lib/action_dispatch/middleware/templates/rescues/_request_and_response.html.erb (0.9ms)
  Rendered /Users/Creative-Flight/.rvm/gems/ruby-2.3.0/gems/actionpack-5.0.0.1/lib/action_dispatch/middleware/templates/rescues/template_error.html.erb within rescues/layout (59.5ms)
Started GET "/creatures" for ::1 at 2016-10-02 14:55:04 -0700
Processing by CreaturesController#index as HTML
  Rendering creatures/index.html.erb within layouts/application
  [1m[36mCreature Load (0.3ms)[0m  [1m[34mSELECT "creatures".* FROM "creatures"[0m
  Rendered creatures/index.html.erb within layouts/application (1.4ms)
Completed 200 OK in 26ms (Views: 23.3ms | ActiveRecord: 0.3ms)


Started GET "/creatures/1" for ::1 at 2016-10-02 14:55:06 -0700
Processing by CreaturesController#show as HTML
  Parameters: {"id"=>"1"}
  [1m[36mCreature Load (0.3ms)[0m  [1m[34mSELECT  "creatures".* FROM "creatures" WHERE "creatures"."id" = $1 LIMIT $2[0m  [["id", 1], ["LIMIT", 1]]
  Rendering creatures/show.html.erb within layouts/application
  Rendered creatures/show.html.erb within layouts/application (117.1ms)
Completed 500 Internal Server Error in 125ms (ActiveRecord: 0.3ms)


  
ActionView::Template::Error (undefined local variable or method `creature' for #<#<Class:0x007ffe44934898>:0x007ffe41bf5670>
Did you mean?  @creature):
    1: <h3><%= creature.name%></h3>
    2:   <p><%= creature.description%></p>
    3: <%= button_to "Delete", @creature, method: :delete %>
  
app/views/creatures/show.html.erb:1:in `_app_views_creatures_show_html_erb__1699050993419298604_70365000804320'
  Rendering /Users/Creative-Flight/.rvm/gems/ruby-2.3.0/gems/actionpack-5.0.0.1/lib/action_dispatch/middleware/templates/rescues/template_error.html.erb within rescues/layout
  Rendering /Users/Creative-Flight/.rvm/gems/ruby-2.3.0/gems/actionpack-5.0.0.1/lib/action_dispatch/middleware/templates/rescues/_source.html.erb
  Rendered /Users/Creative-Flight/.rvm/gems/ruby-2.3.0/gems/actionpack-5.0.0.1/lib/action_dispatch/middleware/templates/rescues/_source.html.erb (3.1ms)
  Rendering /Users/Creative-Flight/.rvm/gems/ruby-2.3.0/gems/actionpack-5.0.0.1/lib/action_dispatch/middleware/templates/rescues/_trace.html.erb
  Rendered /Users/Creative-Flight/.rvm/gems/ruby-2.3.0/gems/actionpack-5.0.0.1/lib/action_dispatch/middleware/templates/rescues/_trace.html.erb (1.5ms)
  Rendering /Users/Creative-Flight/.rvm/gems/ruby-2.3.0/gems/actionpack-5.0.0.1/lib/action_dispatch/middleware/templates/rescues/_request_and_response.html.erb
  Rendered /Users/Creative-Flight/.rvm/gems/ruby-2.3.0/gems/actionpack-5.0.0.1/lib/action_dispatch/middleware/templates/rescues/_request_and_response.html.erb (0.8ms)
  Rendered /Users/Creative-Flight/.rvm/gems/ruby-2.3.0/gems/actionpack-5.0.0.1/lib/action_dispatch/middleware/templates/rescues/template_error.html.erb within rescues/layout (54.7ms)
Started GET "/creatures/1" for ::1 at 2016-10-02 14:56:22 -0700
Processing by CreaturesController#show as HTML
  Parameters: {"id"=>"1"}
  [1m[36mCreature Load (0.3ms)[0m  [1m[34mSELECT  "creatures".* FROM "creatures" WHERE "creatures"."id" = $1 LIMIT $2[0m  [["id", 1], ["LIMIT", 1]]
  Rendering creatures/show.html.erb within layouts/application
  Rendered creatures/show.html.erb within layouts/application (2.3ms)
Completed 500 Internal Server Error in 9ms (ActiveRecord: 0.5ms)


  
ActionView::Template::Error (undefined method `name' for nil:NilClass):
    1: <h3><%= @creature.name %></h3>
    2:   <p><%= @creature.description %></p>
    3: <%= button_to "Delete", @creature, method: :delete %>
  
app/views/creatures/show.html.erb:1:in `_app_views_creatures_show_html_erb__1699050993419298604_70365037792960'
  Rendering /Users/Creative-Flight/.rvm/gems/ruby-2.3.0/gems/actionpack-5.0.0.1/lib/action_dispatch/middleware/templates/rescues/template_error.html.erb within rescues/layout
  Rendering /Users/Creative-Flight/.rvm/gems/ruby-2.3.0/gems/actionpack-5.0.0.1/lib/action_dispatch/middleware/templates/rescues/_source.html.erb
  Rendered /Users/Creative-Flight/.rvm/gems/ruby-2.3.0/gems/actionpack-5.0.0.1/lib/action_dispatch/middleware/templates/rescues/_source.html.erb (5.0ms)
  Rendering /Users/Creative-Flight/.rvm/gems/ruby-2.3.0/gems/actionpack-5.0.0.1/lib/action_dispatch/middleware/templates/rescues/_trace.html.erb
  Rendered /Users/Creative-Flight/.rvm/gems/ruby-2.3.0/gems/actionpack-5.0.0.1/lib/action_dispatch/middleware/templates/rescues/_trace.html.erb (2.1ms)
  Rendering /Users/Creative-Flight/.rvm/gems/ruby-2.3.0/gems/actionpack-5.0.0.1/lib/action_dispatch/middleware/templates/rescues/_request_and_response.html.erb
  Rendered /Users/Creative-Flight/.rvm/gems/ruby-2.3.0/gems/actionpack-5.0.0.1/lib/action_dispatch/middleware/templates/rescues/_request_and_response.html.erb (0.7ms)
  Rendered /Users/Creative-Flight/.rvm/gems/ruby-2.3.0/gems/actionpack-5.0.0.1/lib/action_dispatch/middleware/templates/rescues/template_error.html.erb within rescues/layout (56.8ms)
Started GET "/creatures/2" for ::1 at 2016-10-02 14:56:36 -0700
Processing by CreaturesController#show as HTML
  Parameters: {"id"=>"2"}
  [1m[36mCreature Load (0.3ms)[0m  [1m[34mSELECT  "creatures".* FROM "creatures" WHERE "creatures"."id" = $1 LIMIT $2[0m  [["id", 2], ["LIMIT", 1]]
  Rendering creatures/show.html.erb within layouts/application
  Rendered creatures/show.html.erb within layouts/application (0.8ms)
Completed 200 OK in 18ms (Views: 16.0ms | ActiveRecord: 0.3ms)


Started DELETE "/creatures/2" for ::1 at 2016-10-02 14:56:38 -0700
Processing by CreaturesController#destroy as HTML
  Parameters: {"authenticity_token"=>"7n8yIdmMwWkr9nqJZfRNrX1yzswU0ugub6CKAMPMm5QxkswpEKNnrl2Pyb90rIKzX6uJp3pCMXDdDbrs0RL6oQ==", "id"=>"2"}
  [1m[36mCreature Load (0.3ms)[0m  [1m[34mSELECT  "creatures".* FROM "creatures" WHERE "creatures"."id" = $1 LIMIT $2[0m  [["id", 2], ["LIMIT", 1]]
  [1m[35m (0.1ms)[0m  [1m[35mBEGIN[0m
  [1m[35mSQL (0.7ms)[0m  [1m[31mDELETE FROM "creatures" WHERE "creatures"."id" = $1[0m  [["id", 2]]
  [1m[35m (1.9ms)[0m  [1m[35mCOMMIT[0m
Redirected to http://localhost:3000/creatures/2
Completed 302 Found in 6ms (ActiveRecord: 3.0ms)


Started GET "/creatures/2" for ::1 at 2016-10-02 14:56:38 -0700
Processing by CreaturesController#show as HTML
  Parameters: {"id"=>"2"}
  [1m[36mCreature Load (0.3ms)[0m  [1m[34mSELECT  "creatures".* FROM "creatures" WHERE "creatures"."id" = $1 LIMIT $2[0m  [["id", 2], ["LIMIT", 1]]
  Rendering creatures/show.html.erb within layouts/application
  Rendered creatures/show.html.erb within layouts/application (4.0ms)
Completed 500 Internal Server Error in 10ms (ActiveRecord: 0.3ms)


  
ActionView::Template::Error (undefined method `name' for nil:NilClass):
    1: <h3><%= @creature.name %></h3>
    2:   <p><%= @creature.description %></p>
    3: <%= button_to "Delete", @creature, method: :delete %>
  
app/views/creatures/show.html.erb:1:in `_app_views_creatures_show_html_erb__1699050993419298604_70365026984680'
  Rendering /Users/Creative-Flight/.rvm/gems/ruby-2.3.0/gems/actionpack-5.0.0.1/lib/action_dispatch/middleware/templates/rescues/template_error.html.erb within rescues/layout
  Rendering /Users/Creative-Flight/.rvm/gems/ruby-2.3.0/gems/actionpack-5.0.0.1/lib/action_dispatch/middleware/templates/rescues/_source.html.erb
  Rendered /Users/Creative-Flight/.rvm/gems/ruby-2.3.0/gems/actionpack-5.0.0.1/lib/action_dispatch/middleware/templates/rescues/_source.html.erb (3.3ms)
  Rendering /Users/Creative-Flight/.rvm/gems/ruby-2.3.0/gems/actionpack-5.0.0.1/lib/action_dispatch/middleware/templates/rescues/_trace.html.erb
  Rendered /Users/Creative-Flight/.rvm/gems/ruby-2.3.0/gems/actionpack-5.0.0.1/lib/action_dispatch/middleware/templates/rescues/_trace.html.erb (1.6ms)
  Rendering /Users/Creative-Flight/.rvm/gems/ruby-2.3.0/gems/actionpack-5.0.0.1/lib/action_dispatch/middleware/templates/rescues/_request_and_response.html.erb
  Rendered /Users/Creative-Flight/.rvm/gems/ruby-2.3.0/gems/actionpack-5.0.0.1/lib/action_dispatch/middleware/templates/rescues/_request_and_response.html.erb (0.7ms)
  Rendered /Users/Creative-Flight/.rvm/gems/ruby-2.3.0/gems/actionpack-5.0.0.1/lib/action_dispatch/middleware/templates/rescues/template_error.html.erb within rescues/layout (52.4ms)
Started GET "/creatures/2" for ::1 at 2016-10-02 14:58:27 -0700
Processing by CreaturesController#show as HTML
  Parameters: {"id"=>"2"}
  [1m[36mCreature Load (0.3ms)[0m  [1m[34mSELECT  "creatures".* FROM "creatures" WHERE "creatures"."id" = $1 LIMIT $2[0m  [["id", 2], ["LIMIT", 1]]
  Rendering creatures/show.html.erb within layouts/application
  Rendered creatures/show.html.erb within layouts/application (2.0ms)
Completed 500 Internal Server Error in 9ms (ActiveRecord: 0.3ms)


  
ActionView::Template::Error (undefined method `name' for nil:NilClass):
    1: <h3><%= @creature.name %></h3>
    2:   <p><%= @creature.description %></p>
    3: <%= button_to "Delete", @creature, method: :delete %>
  
app/views/creatures/show.html.erb:1:in `_app_views_creatures_show_html_erb__1699050993419298604_70365026545760'
  Rendering /Users/Creative-Flight/.rvm/gems/ruby-2.3.0/gems/actionpack-5.0.0.1/lib/action_dispatch/middleware/templates/rescues/template_error.html.erb within rescues/layout
  Rendering /Users/Creative-Flight/.rvm/gems/ruby-2.3.0/gems/actionpack-5.0.0.1/lib/action_dispatch/middleware/templates/rescues/_source.html.erb
  Rendered /Users/Creative-Flight/.rvm/gems/ruby-2.3.0/gems/actionpack-5.0.0.1/lib/action_dispatch/middleware/templates/rescues/_source.html.erb (3.3ms)
  Rendering /Users/Creative-Flight/.rvm/gems/ruby-2.3.0/gems/actionpack-5.0.0.1/lib/action_dispatch/middleware/templates/rescues/_trace.html.erb
  Rendered /Users/Creative-Flight/.rvm/gems/ruby-2.3.0/gems/actionpack-5.0.0.1/lib/action_dispatch/middleware/templates/rescues/_trace.html.erb (1.8ms)
  Rendering /Users/Creative-Flight/.rvm/gems/ruby-2.3.0/gems/actionpack-5.0.0.1/lib/action_dispatch/middleware/templates/rescues/_request_and_response.html.erb
  Rendered /Users/Creative-Flight/.rvm/gems/ruby-2.3.0/gems/actionpack-5.0.0.1/lib/action_dispatch/middleware/templates/rescues/_request_and_response.html.erb (0.8ms)
  Rendered /Users/Creative-Flight/.rvm/gems/ruby-2.3.0/gems/actionpack-5.0.0.1/lib/action_dispatch/middleware/templates/rescues/template_error.html.erb within rescues/layout (52.2ms)
Started GET "/creatures" for ::1 at 2016-10-02 14:58:51 -0700
Processing by CreaturesController#index as HTML
  Rendering creatures/index.html.erb within layouts/application
  [1m[36mCreature Load (0.3ms)[0m  [1m[34mSELECT "creatures".* FROM "creatures"[0m
  Rendered creatures/index.html.erb within layouts/application (8.3ms)
Completed 200 OK in 28ms (Views: 21.7ms | ActiveRecord: 4.0ms)


Started GET "/creatures/4/edit" for ::1 at 2016-10-02 14:58:59 -0700
Processing by CreaturesController#edit as HTML
  Parameters: {"id"=>"4"}
  [1m[36mCreature Load (0.3ms)[0m  [1m[34mSELECT  "creatures".* FROM "creatures" WHERE "creatures"."id" = $1 LIMIT $2[0m  [["id", 4], ["LIMIT", 1]]
  Rendering creatures/edit.html.erb within layouts/application
  Rendered creatures/edit.html.erb within layouts/application (1.4ms)
Completed 200 OK in 21ms (Views: 18.4ms | ActiveRecord: 0.3ms)


Started PATCH "/creatures/4" for ::1 at 2016-10-02 14:59:03 -0700
Processing by CreaturesController#update as HTML
  Parameters: {"utf8"=>"✓", "authenticity_token"=>"wOBNJIORHC1dufcAdHoROe2PyJattTS/fYDIUORnSX4fDbMsSr666ivARDZlIt4nz1aP/cMl7eHPLfi89rkoSw==", "creature"=>{"name"=>"New Monster", "description"=>"RawwwrrrrrRRRR"}, "commit"=>"Save Creature", "id"=>"4"}
  [1m[36mCreature Load (0.4ms)[0m  [1m[34mSELECT  "creatures".* FROM "creatures" WHERE "creatures"."id" = $1 LIMIT $2[0m  [["id", 4], ["LIMIT", 1]]
  [1m[35m (0.2ms)[0m  [1m[35mBEGIN[0m
  [1m[35mSQL (0.4ms)[0m  [1m[33mUPDATE "creatures" SET "description" = $1, "updated_at" = $2 WHERE "creatures"."id" = $3[0m  [["description", "RawwwrrrrrRRRR"], ["updated_at", 2016-10-02 21:59:03 UTC], ["id", 4]]
  [1m[35m (0.3ms)[0m  [1m[35mCOMMIT[0m
Redirected to http://localhost:3000/creatures/4
Completed 302 Found in 5ms (ActiveRecord: 1.2ms)


Started GET "/creatures/4" for ::1 at 2016-10-02 14:59:03 -0700
Processing by CreaturesController#show as HTML
  Parameters: {"id"=>"4"}
  [1m[36mCreature Load (0.3ms)[0m  [1m[34mSELECT  "creatures".* FROM "creatures" WHERE "creatures"."id" = $1 LIMIT $2[0m  [["id", 4], ["LIMIT", 1]]
  Rendering creatures/show.html.erb within layouts/application
  Rendered creatures/show.html.erb within layouts/application (0.7ms)
Completed 200 OK in 22ms (Views: 19.4ms | ActiveRecord: 0.3ms)


Started DELETE "/creatures/4" for ::1 at 2016-10-02 14:59:05 -0700
Processing by CreaturesController#destroy as HTML
  Parameters: {"authenticity_token"=>"UTegjpOIVoVkCVZAuK8bbelZui15gIHVKVqc/rXbxKuO2l6GWqfwQhJw5Xap99Rzy4D9RhcQWIub96wSpwWlng==", "id"=>"4"}
  [1m[36mCreature Load (0.4ms)[0m  [1m[34mSELECT  "creatures".* FROM "creatures" WHERE "creatures"."id" = $1 LIMIT $2[0m  [["id", 4], ["LIMIT", 1]]
  [1m[35m (0.2ms)[0m  [1m[35mBEGIN[0m
  [1m[35mSQL (0.3ms)[0m  [1m[31mDELETE FROM "creatures" WHERE "creatures"."id" = $1[0m  [["id", 4]]
  [1m[35m (1.2ms)[0m  [1m[35mCOMMIT[0m
Redirected to http://localhost:3000/creatures
Completed 302 Found in 6ms (ActiveRecord: 2.0ms)


Started GET "/creatures" for ::1 at 2016-10-02 14:59:05 -0700
Processing by CreaturesController#index as HTML
  Rendering creatures/index.html.erb within layouts/application
  [1m[36mCreature Load (0.5ms)[0m  [1m[34mSELECT "creatures".* FROM "creatures"[0m
  Rendered creatures/index.html.erb within layouts/application (2.7ms)
Completed 200 OK in 22ms (Views: 19.9ms | ActiveRecord: 0.5ms)


Started GET "/creatures" for ::1 at 2016-10-02 14:59:07 -0700
Processing by CreaturesController#index as HTML
  Rendering creatures/index.html.erb within layouts/application
  [1m[36mCreature Load (0.3ms)[0m  [1m[34mSELECT "creatures".* FROM "creatures"[0m
  Rendered creatures/index.html.erb within layouts/application (1.2ms)
Completed 200 OK in 25ms (Views: 23.3ms | ActiveRecord: 0.3ms)


